"xcrun clang -o conftest -I/Applications/Xcode.app/Contents/Developer/Platforms/MacOSX.platform/Developer/SDKs/MacOSX14.0.sdk/System/Library/Frameworks/Ruby.framework/Versions/2.6/usr/include/ruby-2.6.0/universal-darwin23 -I/Applications/Xcode.app/Contents/Developer/Platforms/MacOSX.platform/Developer/SDKs/MacOSX14.0.sdk/System/Library/Frameworks/Ruby.framework/Versions/2.6/usr/include/ruby-2.6.0/ruby/backward -I/Applications/Xcode.app/Contents/Developer/Platforms/MacOSX.platform/Developer/SDKs/MacOSX14.0.sdk/System/Library/Frameworks/Ruby.framework/Versions/2.6/usr/include/ruby-2.6.0 -I. -D_XOPEN_SOURCE -D_DARWIN_C_SOURCE -D_DARWIN_UNLIMITED_SELECT -D_REENTRANT    -g -Os -pipe -DHAVE_GCC_ATOMIC_BUILTINS -DUSE_FFI_CLOSURE_ALLOC  -I /Library/Developer/CommandLineTools/SDKs/MacOSX.sdk/usr/include/libxml2 conftest.c  -L. -L/System/Library/Frameworks/Ruby.framework/Versions/2.6/usr/lib -L. -L/AppleInternal/Library/BuildRoots/11aa8fb2-5f4b-11ee-bc7f-926038f30c31/Applications/Xcode.app/Contents/Developer/Platforms/MacOSX.platform/Developer/SDKs/MacOSX14.1.Internal.sdk/usr/local/lib     -lruby.2.6    "
ld: warning: search path '/AppleInternal/Library/BuildRoots/11aa8fb2-5f4b-11ee-bc7f-926038f30c31/Applications/Xcode.app/Contents/Developer/Platforms/MacOSX.platform/Developer/SDKs/MacOSX14.1.Internal.sdk/usr/local/lib' not found
checked program was:
/* begin */
1: #include "ruby.h"
2: 
3: int main(int argc, char **argv)
4: {
5:   return 0;
6: }
/* end */

"xcrun clang -I/Applications/Xcode.app/Contents/Developer/Platforms/MacOSX.platform/Developer/SDKs/MacOSX14.0.sdk/System/Library/Frameworks/Ruby.framework/Versions/2.6/usr/include/ruby-2.6.0/universal-darwin23 -I/Applications/Xcode.app/Contents/Developer/Platforms/MacOSX.platform/Developer/SDKs/MacOSX14.0.sdk/System/Library/Frameworks/Ruby.framework/Versions/2.6/usr/include/ruby-2.6.0/ruby/backward -I/Applications/Xcode.app/Contents/Developer/Platforms/MacOSX.platform/Developer/SDKs/MacOSX14.0.sdk/System/Library/Frameworks/Ruby.framework/Versions/2.6/usr/include/ruby-2.6.0 -I. -D_XOPEN_SOURCE -D_DARWIN_C_SOURCE -D_DARWIN_UNLIMITED_SELECT -D_REENTRANT    -g -Os -pipe -DHAVE_GCC_ATOMIC_BUILTINS -DUSE_FFI_CLOSURE_ALLOC  -I /Library/Developer/CommandLineTools/SDKs/MacOSX.sdk/usr/include/libxml2   -c conftest.c"
checked program was:
/* begin */
1: #include "ruby.h"
2: 
3: int main() {return 0;}
/* end */

"xcrun clang -I/Applications/Xcode.app/Contents/Developer/Platforms/MacOSX.platform/Developer/SDKs/MacOSX14.0.sdk/System/Library/Frameworks/Ruby.framework/Versions/2.6/usr/include/ruby-2.6.0/universal-darwin23 -I/Applications/Xcode.app/Contents/Developer/Platforms/MacOSX.platform/Developer/SDKs/MacOSX14.0.sdk/System/Library/Frameworks/Ruby.framework/Versions/2.6/usr/include/ruby-2.6.0/ruby/backward -I/Applications/Xcode.app/Contents/Developer/Platforms/MacOSX.platform/Developer/SDKs/MacOSX14.0.sdk/System/Library/Frameworks/Ruby.framework/Versions/2.6/usr/include/ruby-2.6.0 -I. -D_XOPEN_SOURCE -D_DARWIN_C_SOURCE -D_DARWIN_UNLIMITED_SELECT -D_REENTRANT    -g -Os -pipe -DHAVE_GCC_ATOMIC_BUILTINS -DUSE_FFI_CLOSURE_ALLOC  -I /Library/Developer/CommandLineTools/SDKs/MacOSX.sdk/usr/include/libxml2 -Wno-error=unused-command-line-argument-hard-error-in-future   -c conftest.c"
warning: unknown warning option '-Werror=unused-command-line-argument-hard-error-in-future'; did you mean '-Werror=unused-command-line-argument'? [-Wunknown-warning-option]
1 warning generated.
checked program was:
/* begin */
1: #include "ruby.h"
2: 
3: int main() {return 0;}
/* end */

have_header: checking for iconv.h... -------------------- yes

"xcrun clang -I/Applications/Xcode.app/Contents/Developer/Platforms/MacOSX.platform/Developer/SDKs/MacOSX14.0.sdk/System/Library/Frameworks/Ruby.framework/Versions/2.6/usr/include/ruby-2.6.0/universal-darwin23 -I/Applications/Xcode.app/Contents/Developer/Platforms/MacOSX.platform/Developer/SDKs/MacOSX14.0.sdk/System/Library/Frameworks/Ruby.framework/Versions/2.6/usr/include/ruby-2.6.0/ruby/backward -I/Applications/Xcode.app/Contents/Developer/Platforms/MacOSX.platform/Developer/SDKs/MacOSX14.0.sdk/System/Library/Frameworks/Ruby.framework/Versions/2.6/usr/include/ruby-2.6.0 -I. -D_XOPEN_SOURCE -D_DARWIN_C_SOURCE -D_DARWIN_UNLIMITED_SELECT -D_REENTRANT    -g -Os -pipe -DHAVE_GCC_ATOMIC_BUILTINS -DUSE_FFI_CLOSURE_ALLOC  -I /Library/Developer/CommandLineTools/SDKs/MacOSX.sdk/usr/include/libxml2   -c conftest.c"
checked program was:
/* begin */
1: #include "ruby.h"
2: 
3: #include <iconv.h>
/* end */

--------------------

have_library: checking for gzdopen() in -lz... -------------------- no

"xcrun clang -o conftest -I/Applications/Xcode.app/Contents/Developer/Platforms/MacOSX.platform/Developer/SDKs/MacOSX14.0.sdk/System/Library/Frameworks/Ruby.framework/Versions/2.6/usr/include/ruby-2.6.0/universal-darwin23 -I/Applications/Xcode.app/Contents/Developer/Platforms/MacOSX.platform/Developer/SDKs/MacOSX14.0.sdk/System/Library/Frameworks/Ruby.framework/Versions/2.6/usr/include/ruby-2.6.0/ruby/backward -I/Applications/Xcode.app/Contents/Developer/Platforms/MacOSX.platform/Developer/SDKs/MacOSX14.0.sdk/System/Library/Frameworks/Ruby.framework/Versions/2.6/usr/include/ruby-2.6.0 -I. -D_XOPEN_SOURCE -D_DARWIN_C_SOURCE -D_DARWIN_UNLIMITED_SELECT -D_REENTRANT    -g -Os -pipe -DHAVE_GCC_ATOMIC_BUILTINS -DUSE_FFI_CLOSURE_ALLOC  -I /Library/Developer/CommandLineTools/SDKs/MacOSX.sdk/usr/include/libxml2 conftest.c  -L. -L/System/Library/Frameworks/Ruby.framework/Versions/2.6/usr/lib -L. -L/AppleInternal/Library/BuildRoots/11aa8fb2-5f4b-11ee-bc7f-926038f30c31/Applications/Xcode.app/Contents/Developer/Platforms/MacOSX.platform/Developer/SDKs/MacOSX14.1.Internal.sdk/usr/local/lib     -lruby.2.6 -lz    "
ld: warning: search path '/AppleInternal/Library/BuildRoots/11aa8fb2-5f4b-11ee-bc7f-926038f30c31/Applications/Xcode.app/Contents/Developer/Platforms/MacOSX.platform/Developer/SDKs/MacOSX14.1.Internal.sdk/usr/local/lib' not found
ld: warning: ignoring file '/usr/local/lib/libz.a[16](zutil.o)': found architecture 'x86_64', required architecture 'arm64'
ld: warning: ignoring file '/usr/local/lib/libz.a[15](uncompr.o)': found architecture 'x86_64', required architecture 'arm64'
ld: warning: ignoring file '/usr/local/lib/libz.a[14](trees.o)': found architecture 'x86_64', required architecture 'arm64'
ld: warning: ignoring file '/usr/local/lib/libz.a[13](inftrees.o)': found architecture 'x86_64', required architecture 'arm64'
ld: warning: ignoring file '/usr/local/lib/libz.a[12](inflate.o)': found architecture 'x86_64', required architecture 'arm64'
ld: warning: ignoring file '/usr/local/lib/libz.a[11](inffast.o)': found architecture 'x86_64', required architecture 'arm64'
ld: warning: ignoring file '/usr/local/lib/libz.a[10](infback.o)': found architecture 'x86_64', required architecture 'arm64'
ld: warning: ignoring file '/usr/local/lib/libz.a[9](gzwrite.o)': found architecture 'x86_64', required architecture 'arm64'
ld: warning: ignoring file '/usr/local/lib/libz.a[8](gzread.o)': found architecture 'x86_64', required architecture 'arm64'
ld: warning: ignoring file '/usr/local/lib/libz.a[7](gzlib.o)': found architecture 'x86_64', required architecture 'arm64'
ld: warning: ignoring file '/usr/local/lib/libz.a[6](gzclose.o)': found architecture 'x86_64', required architecture 'arm64'
ld: warning: ignoring file '/usr/local/lib/libz.a[5](deflate.o)': found architecture 'x86_64', required architecture 'arm64'
ld: warning: ignoring file '/usr/local/lib/libz.a[4](crc32.o)': found architecture 'x86_64', required architecture 'arm64'
ld: warning: ignoring file '/usr/local/lib/libz.a[3](compress.o)': found architecture 'x86_64', required architecture 'arm64'
ld: warning: ignoring file '/usr/local/lib/libz.a[2](adler32.o)': found architecture 'x86_64', required architecture 'arm64'
ld: Undefined symbols:
  _gzdopen, referenced from:
      _t in conftest-db731a.o
clang: error: linker command failed with exit code 1 (use -v to see invocation)
checked program was:
/* begin */
 1: #include "ruby.h"
 2: 
 3: #include <zlib.h>
 4: 
 5: /*top*/
 6: extern int t(void);
 7: int main(int argc, char **argv)
 8: {
 9:   if (argc > 1000000) {
10:     int (* volatile tp)(void)=(int (*)(void))&t;
11:     printf("%d", (*tp)());
12:   }
13: 
14:   return 0;
15: }
16: int t(void) { void ((*volatile p)()); p = (void ((*)()))gzdopen; return !p; }
/* end */

"xcrun clang -o conftest -I/Applications/Xcode.app/Contents/Developer/Platforms/MacOSX.platform/Developer/SDKs/MacOSX14.0.sdk/System/Library/Frameworks/Ruby.framework/Versions/2.6/usr/include/ruby-2.6.0/universal-darwin23 -I/Applications/Xcode.app/Contents/Developer/Platforms/MacOSX.platform/Developer/SDKs/MacOSX14.0.sdk/System/Library/Frameworks/Ruby.framework/Versions/2.6/usr/include/ruby-2.6.0/ruby/backward -I/Applications/Xcode.app/Contents/Developer/Platforms/MacOSX.platform/Developer/SDKs/MacOSX14.0.sdk/System/Library/Frameworks/Ruby.framework/Versions/2.6/usr/include/ruby-2.6.0 -I. -D_XOPEN_SOURCE -D_DARWIN_C_SOURCE -D_DARWIN_UNLIMITED_SELECT -D_REENTRANT    -g -Os -pipe -DHAVE_GCC_ATOMIC_BUILTINS -DUSE_FFI_CLOSURE_ALLOC  -I /Library/Developer/CommandLineTools/SDKs/MacOSX.sdk/usr/include/libxml2 conftest.c  -L. -L/System/Library/Frameworks/Ruby.framework/Versions/2.6/usr/lib -L. -L/AppleInternal/Library/BuildRoots/11aa8fb2-5f4b-11ee-bc7f-926038f30c31/Applications/Xcode.app/Contents/Developer/Platforms/MacOSX.platform/Developer/SDKs/MacOSX14.1.Internal.sdk/usr/local/lib     -lruby.2.6 -lz    "
conftest.c:16:13: warning: a function declaration without a prototype is deprecated in all versions of C and is treated as a zero-parameter prototype in C2x, conflicting with a previous declaration [-Wdeprecated-non-prototype]
extern void gzdopen();
            ^
/usr/local/include/zlib.h:1190:24: note: conflicting prototype is here
ZEXTERN gzFile ZEXPORT gzdopen OF((int fd, const char *mode));
                       ^
conftest.c:16:13: error: conflicting types for 'gzdopen'
extern void gzdopen();
            ^
/usr/local/include/zlib.h:1190:24: note: previous declaration is here
ZEXTERN gzFile ZEXPORT gzdopen OF((int fd, const char *mode));
                       ^
conftest.c:17:23: error: too few arguments to function call, expected 2, have 0
int t(void) { gzdopen(); return 0; }
              ~~~~~~~ ^
/usr/local/include/zlib.h:1190:24: note: 'gzdopen' declared here
ZEXTERN gzFile ZEXPORT gzdopen OF((int fd, const char *mode));
                       ^
1 warning and 2 errors generated.
checked program was:
/* begin */
 1: #include "ruby.h"
 2: 
 3: #include <zlib.h>
 4: 
 5: /*top*/
 6: extern int t(void);
 7: int main(int argc, char **argv)
 8: {
 9:   if (argc > 1000000) {
10:     int (* volatile tp)(void)=(int (*)(void))&t;
11:     printf("%d", (*tp)());
12:   }
13: 
14:   return 0;
15: }
16: extern void gzdopen();
17: int t(void) { gzdopen(); return 0; }
/* end */

--------------------

